ICA Kvantum Uppsala : (59.877075129281536, 17.673584593658543)
Willys : (59.86601065328857, 17.661471962928772)
ICA Kvantum : (59.51874824666079, 17.91400612946014)
Citygross : (59.84716327491441, 17.687657277646917)
Coop Forum : (59.845404624938965, 17.693877)
ICA Maxi Uppsala : (59.84905691060205, 17.560397014449848)
Hemköp : (59.8581351961935, 17.643377780914307)
ICA Nära : (59.62786053924108, 17.859692573547363)
Coop Extra : (59.616944, 17.85598576068878)
ICA Supermarket Sävja : (59.82042354022341, 17.697601318359375)
ICA Supermarket Luthagens Livs : (59.86143212605905, 17.627209424972534)
Willys Kungsgatan : (59.849821804860696, 17.658545808137223)
Willys : (59.62060156911216, 17.854886054992676)
ICA Kvantum : (59.56694277142857, 17.530083)
Coop Forum : (59.5056663947758, 17.745341603633094)
ICA Supermarket : (59.51584479075326, 17.643079652441013)
ICA Supermarket Torgkassen : (59.86227246768842, 17.646188735961914)
ICA Maxi : (59.65202521240966, 17.08607617071349)
Willys Gränby : (59.88630532, 17.661078)
ICA Supermarket City : (59.8600148, 17.637144066666668)
ICA Folkes Livs : (59.85581583652836, 17.618454694747925)
ICA Supermarket Väst : (59.85165351396521, 17.58805990219116)
ICA Maxi Stormarknad Arlanda : (59.608333530945124, 17.897118234848907)
Lidl : (59.870807836968424, 17.655910161063666)
Coop Konsum : (59.85868470719509, 17.64875292778015)
Nelins : (59.868747, 17.605824)
ICA Nära Knivsta : (59.725962341778, 17.7885400163426)
ICA Nära Hörnan : (59.84619466413323, 17.630924980313402)
Coop Extra : (59.87692726896436, 17.67347438806392)
Coop Forum Stenhagen : (59.849211, 17.564026)
ICA Kvantum Flygfyren : (59.75196182727814, 18.693667)
ICA Nära : (59.51106, 18.065851)
Tempo : (59.52395796775818, 18.60835886)
Coop Forum : (59.76469266256633, 18.69402731537657)
Ica Nära Brottbyhallen : (59.56019459138329, 18.226834864226937)
ICA Nära Bergshamra : (59.637011, 18.653974)
ICA Supermarket Väddö : (59.96976580139492, 18.806878486612014)
ICA Supermarket Kryddan : (59.75945824754657, 18.70168846894635)
ICA Supermarket Rimbo : (59.744768, 18.3779)
ICA Kvantum : (59.53521511972783, 18.078741651051086)
ICA Knuten : (59.9092392641804, 18.265066696918176)
Pulsen : (59.223075209006794, 17.93896794319153)
ICA Maxi : (59.4376329113842, 17.932315637952325)
Coop Forum Vinsta : (59.369165956168, 17.859002870545375)
Coop Forum : (59.440558757099375, 17.933335304260254)
Maxi ICA Stormarknad Solna : (59.358663843159654, 17.982012033462524)
City Gross Bromma : (59.3500704362434, 17.966849852725822)
ICA Supermarket Kista : (59.40268365473397, 17.94488675486599)
ICA Kvantum Kungens Kurva : (59.27081390796142, 17.920280510437028)
Coop Forum Bromma : (59.35659896682717, 17.95183928204091)
Coop Extra : (59.36342074190637, 17.873060703277588)
Coop Extra Huddinge : (59.23606186890403, 17.981529235839844)
ICA Kvantum : (59.427486331557866, 17.951574325561523)
City Gross : (59.266473, 17.923508)
ICA Format : (59.49898228811403, 17.926674102622265)
Hemköp : (59.36333522498186, 17.87304544449522)
Ica Supermarket Akalla : (59.415321184138726, 17.912368219311052)
ICA Edsberg : (59.44575140752298, 17.965564727783203)
ICA Maxi : (59.18703793624922, 17.579392666905736)
ICA Supermarket Brommaplan : (59.33826989600439, 17.93837076844386)
Hemköp : (59.37601512750636, 17.940431500008515)
ICA Supermarket : (59.36140574828885, 17.96610275492321)
ICA Alviks Torg : (59.3326341989652, 17.982028915513975)
Willy:s : (59.37966553629673, 17.947946270051265)
Hemköp : (59.361276, 17.973535)
Coop Nära Barkarby : (59.40281604540416, 17.868118329890276)
Hemköp Telefonplan : (59.29882588341327, 17.996699810028076)
ICA Kvantum Viksjö : (59.41176654813914, 17.801928520202637)
Coop Konsum : (59.28549286020862, 17.965142596166757)
ICA Maxi : (59.2373604321165, 17.83311901162236)
ICA Nära Stuvsta : (59.25196837039616, 17.99779306492825)
Hötorgshallen : (59.334415174257934, 18.062156438827515)
ICA Maxi Lindhagen : (59.33716200172493, 18.009424209594727)
Coop Daglivs : (59.33416766480124, 18.03267225097195)
ICA Kvantum : (59.31011030437355, 18.023185906415932)
Sabis : (59.3401690279197, 18.091472364050734)
Coop Centralen : (59.330113918582725, 18.058347702026367)
ICA Kvantum Sickla : (59.305308, 18.1283436)
Coop Extra : (59.24515347597506, 18.00660019866462)
ICA Supermarket Sabbatsberg : (59.33999726440503, 18.04732236182986)
ICA Supermarket Medborgarplatsen : (59.314402, 18.075516)
ICA Maxi : (59.31168099531135, 18.172848031235258)
Matdax : (59.25732603712543, 18.08179020881653)
Hemköp Mariahallen : (59.3183538, 18.057352339999998)
Coop Rådhuset : (59.33159151055656, 18.04482936859131)
Matpressen : (59.328079, 18.017817)
Ica Maxi Haninge : (59.1813813296079, 18.157546520233154)
ICA Supermarket : (59.347551149231116, 18.049150373637673)
ICA Kvantum BEA Livsmedel : (59.27885727500001, 18.069672)
Coop Forum : (59.293598, 18.00463545)
Coop Konsum : (59.317525, 18.050625309999997)
ICA Supermarket Årsta : (59.29677441530835, 18.05203914642334)
Coop Konsum Östgötagatan : (59.310101, 18.078972110453716)
Urban Deli : (59.312476361916914, 18.082551956176758)
Coop Konsum Sjöstad : (59.30253300687178, 18.103212719455993)
Hemköp : (59.316237390826416, 18.033292457287136)
ICA Nära S:t Eriksplan : (59.339438088873464, 18.036246299743652)
Hemköp : (59.307701371222095, 18.076114654541016)
Hemköp : (59.332279, 18.062259)
Willy:s Sickla : (59.30566412987414, 18.128256797790527)
PrisXTRA : (59.334546501742025, 18.03309202194214)
