2013-12-01 23:21:11 : (60, 17, 59.9375, 17.125) : ZERO_RESULTS
2013-12-01 23:21:12 : (60, 17.125, 59.9375, 17.25) : ZERO_RESULTS
2013-12-01 23:21:13 : (60, 17.25, 59.9375, 17.375) : ZERO_RESULTS
2013-12-01 23:21:15 : (60, 17.375, 59.9375, 17.5) : ZERO_RESULTS
2013-12-01 23:21:16 : (60, 17.5, 59.9375, 17.625) : ZERO_RESULTS
2013-12-01 23:21:17 : (60, 17.625, 59.9375, 17.75) : OK
2013-12-01 23:21:19 : (60, 17.75, 59.9375, 17.875) : ZERO_RESULTS
2013-12-01 23:21:20 : (60, 17.875, 59.9375, 18.0) : ZERO_RESULTS
2013-12-01 23:21:21 : (60, 18.0, 59.9375, 18.125) : ZERO_RESULTS
2013-12-01 23:21:23 : (60, 18.125, 59.9375, 18.25) : ZERO_RESULTS
2013-12-01 23:21:24 : (60, 18.25, 59.9375, 18.375) : ZERO_RESULTS
2013-12-01 23:21:26 : (60, 18.375, 59.9375, 18.5) : ZERO_RESULTS
2013-12-01 23:21:27 : (60, 18.5, 59.9375, 18.625) : ZERO_RESULTS
2013-12-01 23:21:28 : (60, 18.625, 59.9375, 18.75) : ZERO_RESULTS
2013-12-01 23:21:29 : (60, 18.75, 59.9375, 18.875) : ZERO_RESULTS
2013-12-01 23:21:31 : (60, 18.875, 59.9375, 19) : ZERO_RESULTS
2013-12-01 23:21:32 : (59.9375, 17, 59.875, 17.125) : ZERO_RESULTS
2013-12-01 23:21:33 : (59.9375, 17.125, 59.875, 17.25) : ZERO_RESULTS
2013-12-01 23:21:35 : (59.9375, 17.25, 59.875, 17.375) : ZERO_RESULTS
2013-12-01 23:21:36 : (59.9375, 17.375, 59.875, 17.5) : ZERO_RESULTS
2013-12-01 23:21:38 : (59.9375, 17.5, 59.875, 17.625) : OK
2013-12-01 23:21:39 : (59.9375, 17.625, 59.875, 17.75) : OK
2013-12-01 23:21:40 : (59.9375, 17.75, 59.875, 17.875) : ZERO_RESULTS
2013-12-01 23:21:42 : (59.9375, 17.875, 59.875, 18.0) : ZERO_RESULTS
2013-12-01 23:21:43 : (59.9375, 18.0, 59.875, 18.125) : ZERO_RESULTS
2013-12-01 23:21:45 : (59.9375, 18.125, 59.875, 18.25) : ZERO_RESULTS
2013-12-01 23:21:46 : (59.9375, 18.25, 59.875, 18.375) : ZERO_RESULTS
2013-12-01 23:21:47 : (59.9375, 18.375, 59.875, 18.5) : ZERO_RESULTS
2013-12-01 23:21:49 : (59.9375, 18.5, 59.875, 18.625) : ZERO_RESULTS
2013-12-01 23:21:50 : (59.9375, 18.625, 59.875, 18.75) : ZERO_RESULTS
2013-12-01 23:21:51 : (59.9375, 18.75, 59.875, 18.875) : ZERO_RESULTS
2013-12-01 23:21:53 : (59.9375, 18.875, 59.875, 19) : ZERO_RESULTS
2013-12-01 23:21:54 : (59.875, 17, 59.8125, 17.125) : ZERO_RESULTS
2013-12-01 23:21:55 : (59.875, 17.125, 59.8125, 17.25) : ZERO_RESULTS
2013-12-01 23:21:57 : (59.875, 17.25, 59.8125, 17.375) : ZERO_RESULTS
2013-12-01 23:21:58 : (59.875, 17.375, 59.8125, 17.5) : ZERO_RESULTS
2013-12-01 23:21:59 : (59.875, 17.5, 59.8125, 17.625) : OK
2013-12-01 23:22:01 : (59.875, 17.625, 59.8125, 17.75) : OK
2013-12-01 23:22:02 : (59.875, 17.75, 59.8125, 17.875) : ZERO_RESULTS
2013-12-01 23:22:03 : (59.875, 17.875, 59.8125, 18.0) : ZERO_RESULTS
2013-12-01 23:22:05 : (59.875, 18.0, 59.8125, 18.125) : ZERO_RESULTS
2013-12-01 23:22:06 : (59.875, 18.125, 59.8125, 18.25) : ZERO_RESULTS
2013-12-01 23:22:08 : (59.875, 18.25, 59.8125, 18.375) : ZERO_RESULTS
2013-12-01 23:22:09 : (59.875, 18.375, 59.8125, 18.5) : ZERO_RESULTS
2013-12-01 23:22:10 : (59.875, 18.5, 59.8125, 18.625) : ZERO_RESULTS
2013-12-01 23:22:12 : (59.875, 18.625, 59.8125, 18.75) : ZERO_RESULTS
